Change Component Designator: Old Designator=C? New Designator=C6
Change Component Designator: Old Designator=C? New Designator=C7
Change Component Designator: Old Designator=C? New Designator=C8
Change Component Designator: Old Designator=C? New Designator=C9
Change Component Designator: Old Designator=D? New Designator=D7
Change Component Designator: Old Designator=D? New Designator=D8
Change Component Designator: Old Designator=D? New Designator=D9
Change Component Designator: Old Designator=D? New Designator=D10
Change Component Designator: Old Designator=D? New Designator=D11
Change Component Designator: Old Designator=D? New Designator=D12
Change Component Designator: Old Designator=DS? New Designator=DS2
Change Component Designator: Old Designator=J? New Designator=J2
Change Component Designator: Old Designator=L? New Designator=L2
Change Component Designator: Old Designator=P? New Designator=P3
Change Component Designator: Old Designator=P? New Designator=P4
Change Component Designator: Old Designator=R? New Designator=R19
Change Component Designator: Old Designator=R? New Designator=R20
Change Component Designator: Old Designator=R? New Designator=R21
Change Component Designator: Old Designator=R? New Designator=R22
Change Component Designator: Old Designator=R? New Designator=R23
Change Component Designator: Old Designator=R? New Designator=R24
Change Component Designator: Old Designator=R? New Designator=R25
Change Component Designator: Old Designator=R? New Designator=R26
Change Component Designator: Old Designator=R? New Designator=R27
Change Component Designator: Old Designator=R? New Designator=R28
Change Component Designator: Old Designator=R? New Designator=R29
Change Component Designator: Old Designator=R? New Designator=R30
Change Component Designator: Old Designator=R? New Designator=R31
Change Component Designator: Old Designator=R? New Designator=R32
Change Component Designator: Old Designator=R? New Designator=R33
Change Component Designator: Old Designator=R? New Designator=R34
Change Component Designator: Old Designator=S? New Designator=S2
Change Component Designator: Old Designator=SW? New Designator=SW34
Change Component Designator: Old Designator=SW? New Designator=SW35
Change Component Designator: Old Designator=SW? New Designator=SW36
Change Component Designator: Old Designator=SW? New Designator=SW37
Change Component Designator: Old Designator=SW? New Designator=SW38
Change Component Designator: Old Designator=SW? New Designator=SW39
Change Component Designator: Old Designator=SW? New Designator=SW40
Change Component Designator: Old Designator=SW? New Designator=SW41
Change Component Designator: Old Designator=SW? New Designator=SW42
Change Component Designator: Old Designator=SW? New Designator=SW43
Change Component Designator: Old Designator=SW? New Designator=SW44
Change Component Designator: Old Designator=SW? New Designator=SW45
Change Component Designator: Old Designator=SW? New Designator=SW46
Change Component Designator: Old Designator=SW? New Designator=SW47
Change Component Designator: Old Designator=SW? New Designator=SW48
Change Component Designator: Old Designator=SW? New Designator=SW49
Change Component Designator: Old Designator=SW? New Designator=SW50
Change Component Designator: Old Designator=SW? New Designator=SW51
Change Component Designator: Old Designator=SW? New Designator=SW52
Change Component Designator: Old Designator=SW? New Designator=SW53
Change Component Designator: Old Designator=SW? New Designator=SW54
Change Component Designator: Old Designator=SW? New Designator=SW55
Change Component Designator: Old Designator=SW? New Designator=SW56
Change Component Designator: Old Designator=SW? New Designator=SW57
Change Component Designator: Old Designator=U? New Designator=U6
Change Component Designator: Old Designator=U? New Designator=U7
Change Component Designator: Old Designator=U? New Designator=U8
